%!Adobe-FontList 1.19
%Locale:0x809

%BeginFont
Handler:DirectoryHandler
FontType:TrueType
FontName:ROGLyonsType-Regular
FamilyName:ROG LyonsType
StyleName:Regular
FullName:ROG LyonsType Regular
MenuName:ROG LyonsType
StyleBits:0
WritingScript:Roman
OutlineFileName:C:\Users\Donce\Desktop\Borec\LOGO REDESIGN\LOGO FOLDER\Font\Instalacija na za font.ttf
DataFormat:sfntData
hasSVG:no
VariableFontType:NonVariableFont
FileLength:87104
FileModTime:1669650444
WeightClass:400
WidthClass:5
AngleClass:0
NameArray:0,Mac,4,ROG LyonsType Regular
NameArray:0,Win,1,ROG LyonsType
%EndFont

